Start testing: Feb 15 22:09 ACDT
----------------------------------------------------------
1/4 Testing: test_image
1/4 Test: test_image
Command: "/home/shashwat-s/image-convolution-engine/build/test_image"
Directory: /home/shashwat-s/image-convolution-engine/build
"test_image" start time: Feb 15 22:09 ACDT
Output:
----------------------------------------------------------
test_image passed
<end of output>
Test time =   0.00 sec
----------------------------------------------------------
Test Passed.
"test_image" end time: Feb 15 22:09 ACDT
"test_image" time elapsed: 00:00:00
----------------------------------------------------------

2/4 Testing: test_padding
2/4 Test: test_padding
Command: "/home/shashwat-s/image-convolution-engine/build/test_padding"
Directory: /home/shashwat-s/image-convolution-engine/build
"test_padding" start time: Feb 15 22:09 ACDT
Output:
----------------------------------------------------------
test_padding passed
<end of output>
Test time =   0.00 sec
----------------------------------------------------------
Test Passed.
"test_padding" end time: Feb 15 22:09 ACDT
"test_padding" time elapsed: 00:00:00
----------------------------------------------------------

3/4 Testing: test_kernel
3/4 Test: test_kernel
Command: "/home/shashwat-s/image-convolution-engine/build/test_kernel"
Directory: /home/shashwat-s/image-convolution-engine/build
"test_kernel" start time: Feb 15 22:09 ACDT
Output:
----------------------------------------------------------
test_kernel passed
<end of output>
Test time =   0.00 sec
----------------------------------------------------------
Test Passed.
"test_kernel" end time: Feb 15 22:09 ACDT
"test_kernel" time elapsed: 00:00:00
----------------------------------------------------------

4/4 Testing: test_convolve2d
4/4 Test: test_convolve2d
Command: "/home/shashwat-s/image-convolution-engine/build/test_convolve2d"
Directory: /home/shashwat-s/image-convolution-engine/build
"test_convolve2d" start time: Feb 15 22:09 ACDT
Output:
----------------------------------------------------------
test_convolve2d passed
<end of output>
Test time =   0.00 sec
----------------------------------------------------------
Test Passed.
"test_convolve2d" end time: Feb 15 22:09 ACDT
"test_convolve2d" time elapsed: 00:00:00
----------------------------------------------------------

End testing: Feb 15 22:09 ACDT
