Start testing: Feb 08 13:55 ACDT
----------------------------------------------------------
1/1 Testing: test_image
1/1 Test: test_image
Command: "/home/shashwat-s/image-convolution-engine/build/test_image"
Directory: /home/shashwat-s/image-convolution-engine/build
"test_image" start time: Feb 08 13:55 ACDT
Output:
----------------------------------------------------------
test_image passed
<end of output>
Test time =   0.00 sec
----------------------------------------------------------
Test Passed.
"test_image" end time: Feb 08 13:55 ACDT
"test_image" time elapsed: 00:00:00
----------------------------------------------------------

End testing: Feb 08 13:55 ACDT
